\BOOKMARK [1][-]{section.1}{Introduction to Public Key Cryptography}{}% 1
\BOOKMARK [2][-]{subsection.1.1}{Encryption}{section.1}% 2
\BOOKMARK [3][-]{subsubsection.1.1.1}{Symmetric Encryption}{subsection.1.1}% 3
\BOOKMARK [3][-]{subsubsection.1.1.2}{Assymetric Encryption}{subsection.1.1}% 4
\BOOKMARK [2][-]{subsection.1.2}{Message Digest}{section.1}% 5
\BOOKMARK [3][-]{subsubsection.1.2.1}{Message Authentication Code}{subsection.1.2}% 6
\BOOKMARK [2][-]{subsection.1.3}{Algorithms}{section.1}% 7
\BOOKMARK [2][-]{subsection.1.4}{Mathematics behind cryptography}{section.1}% 8
\BOOKMARK [2][-]{subsection.1.5}{Protocols}{section.1}% 9
\BOOKMARK [3][-]{subsubsection.1.5.1}{SSL}{subsection.1.5}% 10
\BOOKMARK [1][-]{section.2}{Introduction to Public Key Infrastructure}{}% 11
\BOOKMARK [2][-]{subsection.2.1}{Common Terms used in PKI}{section.2}% 12
\BOOKMARK [2][-]{subsection.2.2}{Detailed look on certificate/CRL}{section.2}% 13
\BOOKMARK [3][-]{subsubsection.2.2.1}{Certificates}{subsection.2.2}% 14
\BOOKMARK [3][-]{subsubsection.2.2.2}{Basic Certificate Fields}{subsection.2.2}% 15
\BOOKMARK [3][-]{subsubsection.2.2.3}{Extensions}{subsection.2.2}% 16
\BOOKMARK [3][-]{subsubsection.2.2.4}{Revocation}{subsection.2.2}% 17
\BOOKMARK [3][-]{subsubsection.2.2.5}{CRL Fields}{subsection.2.2}% 18
\BOOKMARK [3][-]{subsubsection.2.2.6}{CRL Extensions}{subsection.2.2}% 19
\BOOKMARK [2][-]{subsection.2.3}{Mozilla NSS}{section.2}% 20
\BOOKMARK [3][-]{subsubsection.2.3.1}{Introduction}{subsection.2.3}% 21
\BOOKMARK [3][-]{subsubsection.2.3.2}{Architecture}{subsection.2.3}% 22
\BOOKMARK [2][-]{subsection.2.4}{Exercises}{section.2}% 23
\BOOKMARK [1][-]{section.3}{Common Terms Used in RHCS}{}% 24
\BOOKMARK [1][-]{section.4}{Red Hat Certificate System}{}% 25
\BOOKMARK [2][-]{subsection.4.1}{Overview}{section.4}% 26
\BOOKMARK [2][-]{subsection.4.2}{Version}{section.4}% 27
\BOOKMARK [3][-]{subsubsection.4.2.1}{Older Versions}{subsection.4.2}% 28
\BOOKMARK [3][-]{subsubsection.4.2.2}{Current Version}{subsection.4.2}% 29
\BOOKMARK [2][-]{subsection.4.3}{Builds}{section.4}% 30
\BOOKMARK [3][-]{subsubsection.4.3.1}{Architecture}{subsection.4.3}% 31
\BOOKMARK [3][-]{subsubsection.4.3.2}{Builds}{subsection.4.3}% 32
\BOOKMARK [2][-]{subsection.4.4}{Features}{section.4}% 33
\BOOKMARK [2][-]{subsection.4.5}{Certificate Manager}{section.4}% 34
\BOOKMARK [3][-]{subsubsection.4.5.1}{Introduction}{subsection.4.5}% 35
\BOOKMARK [3][-]{subsubsection.4.5.2}{Installation}{subsection.4.5}% 36
\BOOKMARK [3][-]{subsubsection.4.5.3}{Installation Layout}{subsection.4.5}% 37
\BOOKMARK [3][-]{subsubsection.4.5.4}{Key Features}{subsection.4.5}% 38
\BOOKMARK [3][-]{subsubsection.4.5.5}{Architecture}{subsection.4.5}% 39
\BOOKMARK [3][-]{subsubsection.4.5.6}{Interfaces}{subsection.4.5}% 40
\BOOKMARK [3][-]{subsubsection.4.5.7}{Features}{subsection.4.5}% 41
\BOOKMARK [3][-]{subsubsection.4.5.8}{Exercises}{subsection.4.5}% 42
\BOOKMARK [2][-]{subsection.4.6}{Key Recovery Authority}{section.4}% 43
\BOOKMARK [3][-]{subsubsection.4.6.1}{Introduction}{subsection.4.6}% 44
\BOOKMARK [3][-]{subsubsection.4.6.2}{Installation}{subsection.4.6}% 45
\BOOKMARK [3][-]{subsubsection.4.6.3}{Installation Layout}{subsection.4.6}% 46
\BOOKMARK [3][-]{subsubsection.4.6.4}{Key Features}{subsection.4.6}% 47
\BOOKMARK [3][-]{subsubsection.4.6.5}{Architecture}{subsection.4.6}% 48
\BOOKMARK [3][-]{subsubsection.4.6.6}{Interfaces}{subsection.4.6}% 49
\BOOKMARK [3][-]{subsubsection.4.6.7}{Features}{subsection.4.6}% 50
\BOOKMARK [3][-]{subsubsection.4.6.8}{Exercises}{subsection.4.6}% 51
\BOOKMARK [2][-]{subsection.4.7}{Online Certificate Status Protocol}{section.4}% 52
\BOOKMARK [3][-]{subsubsection.4.7.1}{Introduction}{subsection.4.7}% 53
\BOOKMARK [3][-]{subsubsection.4.7.2}{Installation}{subsection.4.7}% 54
\BOOKMARK [3][-]{subsubsection.4.7.3}{Instance Layout}{subsection.4.7}% 55
\BOOKMARK [3][-]{subsubsection.4.7.4}{Interfaces}{subsection.4.7}% 56
\BOOKMARK [3][-]{subsubsection.4.7.5}{Exercises}{subsection.4.7}% 57
\BOOKMARK [2][-]{subsection.4.8}{SmartCard Management}{section.4}% 58
\BOOKMARK [3][-]{subsubsection.4.8.1}{Introduction}{subsection.4.8}% 59
\BOOKMARK [3][-]{subsubsection.4.8.2}{Architecture}{subsection.4.8}% 60
\BOOKMARK [3][-]{subsubsection.4.8.3}{Common Terms Used with regard to Smartcard}{subsection.4.8}% 61
\BOOKMARK [3][-]{subsubsection.4.8.4}{Token Key Service}{subsection.4.8}% 62
\BOOKMARK [3][-]{subsubsection.4.8.5}{Token Processing Service}{subsection.4.8}% 63
